<?xml version="1.0" encoding="UTF-8"?>
<!-- Generated by org.testng.reporters.JUnitReportReporter -->
<testsuite hostname="LAPYPRINCE" failures="0" tests="1" name="Evaluations.Eva1" time="5.963" errors="0" timestamp="2024-09-09T15:03:25 IST" skipped="0">
  <testcase classname="Evaluations.Eva1" name="addahook" time="5.963"/>
  <system-out/>
</testsuite> <!-- Evaluations.Eva1 -->
