<?xml version="1.0" encoding="UTF-8"?>
<!-- Generated by org.testng.reporters.JUnitReportReporter -->
<testsuite hostname="LAPYPRINCE" failures="0" tests="1" name="Api_testing.Dummypage" time="5.945" errors="0" timestamp="2024-09-05T18:23:35 IST" skipped="0">
  <testcase classname="Api_testing.Dummypage" name="delete" time="5.945"/>
  <system-out/>
</testsuite> <!-- Api_testing.Dummypage -->
