<?xml version="1.0" encoding="UTF-8"?>
<!-- Generated by org.testng.reporters.JUnitReportReporter -->
<testsuite hostname="LAPYPRINCE" failures="0" tests="1" name="Api_testing.ReqresApi" time="6.200" errors="0" timestamp="2024-09-04T19:42:56 IST" skipped="0">
  <testcase classname="Api_testing.ReqresApi" name="tc15" time="6.200"/>
  <system-out/>
</testsuite> <!-- Api_testing.ReqresApi -->
