<?xml version="1.0" encoding="UTF-8"?>
<!-- Generated by org.testng.reporters.JUnitReportReporter -->
<testsuite hostname="LAPYPRINCE" failures="0" tests="1" name="SampleBooks.Trellopractice" time="5.298" errors="0" timestamp="2024-09-08T00:08:25 IST" skipped="0">
  <testcase classname="SampleBooks.Trellopractice" name="deleteaboard" time="5.298"/>
  <system-out/>
</testsuite> <!-- SampleBooks.Trellopractice -->
