<?xml version="1.0" encoding="UTF-8"?>
<!-- Generated by org.testng.reporters.JUnitReportReporter -->
<testsuite hostname="LAPYPRINCE" failures="0" tests="1" name="Api_testing.TrelloApi" time="3.701" errors="0" timestamp="2024-09-05T13:28:47 IST" skipped="0">
  <testcase classname="Api_testing.TrelloApi" name="getboard" time="3.701"/>
  <system-out/>
</testsuite> <!-- Api_testing.TrelloApi -->
